12/15/2021 4:32:44 PM	This log contains information about the import schema operation into project 'ISCDatabase' on computer 'LAPTOP-B6M8UUTC' by user 'satis'.
12/15/2021 4:32:44 PM	Import of database schema has started.
12/15/2021 4:32:53 PM	Gathering database credentials
12/15/2021 4:32:53 PM	Gathering database options
12/15/2021 4:32:53 PM	Gathering generic database scoped configuration option
12/15/2021 4:32:53 PM	Gathering users
12/15/2021 4:32:53 PM	Gathering roles
12/15/2021 4:32:54 PM	Gathering application roles
12/15/2021 4:32:54 PM	Gathering role memberships
12/15/2021 4:32:54 PM	Gathering filegroups
12/15/2021 4:32:54 PM	Gathering full-text catalogs
12/15/2021 4:32:54 PM	Gathering assemblies
12/15/2021 4:32:54 PM	Gathering certificates
12/15/2021 4:32:54 PM	Gathering asymmetric keys
12/15/2021 4:32:54 PM	Gathering symmetric keys
12/15/2021 4:32:54 PM	Gathering encrypted symmetric keys
12/15/2021 4:32:54 PM	Gathering schemas
12/15/2021 4:32:54 PM	Gathering XML schema collections
12/15/2021 4:32:54 PM	Gathering user-defined data types
12/15/2021 4:32:54 PM	Gathering user-defined types
12/15/2021 4:32:54 PM	Gathering table types
12/15/2021 4:32:54 PM	Gathering unique keys for table types
12/15/2021 4:32:54 PM	Gathering primary keys for table types
12/15/2021 4:32:54 PM	Gathering indexes for table types
12/15/2021 4:32:54 PM	Gathering check constraints for table types
12/15/2021 4:32:54 PM	Gathering default constraints for table types
12/15/2021 4:32:54 PM	Gathering partition functions
12/15/2021 4:32:54 PM	Gathering partition schemes
12/15/2021 4:32:54 PM	Gathering functions
12/15/2021 4:32:54 PM	Gathering encrypted functions
12/15/2021 4:32:54 PM	Gathering aggregates
12/15/2021 4:32:54 PM	Gathering procedures
12/15/2021 4:32:54 PM	Gathering encrypted procedures
12/15/2021 4:32:54 PM	Gathering tables
12/15/2021 4:32:54 PM	Gathering primary keys
12/15/2021 4:32:54 PM	Gathering unique constraints
12/15/2021 4:32:54 PM	Gathering foreign keys
12/15/2021 4:32:54 PM	Gathering default constraints
12/15/2021 4:32:54 PM	Gathering check constraints
12/15/2021 4:32:54 PM	Gathering views
12/15/2021 4:32:54 PM	Gathering encrypted views
12/15/2021 4:32:54 PM	Gathering indexes
12/15/2021 4:32:54 PM	Gathering statistics
12/15/2021 4:32:55 PM	Gathering full-text index stoplists
12/15/2021 4:32:55 PM	Gathering search property lists
12/15/2021 4:32:55 PM	Gathering search properties
12/15/2021 4:32:55 PM	Gathering full-text indexes
12/15/2021 4:32:55 PM	Gathering column store indexes
12/15/2021 4:32:55 PM	Gathering spatial indexes
12/15/2021 4:32:55 PM	Gathering XML indexes
12/15/2021 4:32:55 PM	Gathering Selective XML indexes
12/15/2021 4:32:55 PM	Gathering encrypted triggers
12/15/2021 4:32:55 PM	Gathering triggers
12/15/2021 4:32:55 PM	Gathering encrypted and clr ddl triggers
12/15/2021 4:32:55 PM	Gathering ddl triggers
12/15/2021 4:32:55 PM	Creating edge constraints
12/15/2021 4:32:55 PM	Gathering synonyms
12/15/2021 4:32:55 PM	Gathering defaults
12/15/2021 4:32:55 PM	Gathering data constraint uddt bindings
12/15/2021 4:32:55 PM	Gathering rules
12/15/2021 4:32:55 PM	Gathering data constraint uddt bindings
12/15/2021 4:32:55 PM	Gathering message types
12/15/2021 4:32:55 PM	Gathering queues
12/15/2021 4:32:55 PM	Gathering contracts
12/15/2021 4:32:55 PM	Gathering services
12/15/2021 4:32:55 PM	Gathering event notifications
12/15/2021 4:32:55 PM	Gathering remote service bindings
12/15/2021 4:32:55 PM	Gathering broker priorities
12/15/2021 4:32:55 PM	Gathering signatures
12/15/2021 4:32:55 PM	Gathering data compression options
12/15/2021 4:32:55 PM	Gathering sequence types
12/15/2021 4:32:55 PM	Gathering security policies
12/15/2021 4:32:55 PM	Gather column encryption keys
12/15/2021 4:32:55 PM	Gathering column master keys
12/15/2021 4:32:55 PM	Gathering external data sources
12/15/2021 4:32:55 PM	Gathering external file formats
12/15/2021 4:32:55 PM	Gathering external tables
12/15/2021 4:32:55 PM	Gathering database permissions
12/15/2021 4:32:55 PM	Gathering extended properties
12/15/2021 4:32:55 PM	Gathering credentials
12/15/2021 4:32:55 PM	Gathering logins
12/15/2021 4:32:55 PM	Gathering server audits
12/15/2021 4:32:56 PM	Scanning project for duplicate elements
12/15/2021 4:32:57 PM	Finished duplicate element processing
12/15/2021 4:32:59 PM	Finished importing database.
12/15/2021 4:32:59 PM	A summary of the import was saved to the following location: C:\Users\satis\source\repos\FinalProjectISC\ISCDatabase\Import Schema Logs\ISCDatabase_20211216123244.log
12/15/2021 4:32:59 PM	Click Finish to continue...
